<?xml version="1.0" encoding="UTF-8"?>
<!-- Generated by org.testng.reporters.JUnitReportReporter -->
<testsuite hostname="LAPTOP-1TA8DVSF" failures="0" tests="1" name="testcomponents.Billingpage" time="0.256" errors="1" timestamp="2022-11-27T18:49:13 IST" skipped="0">
  <testcase classname="testcomponents.Billingpage" name="readjsonfile" time="0.256">
    <error message="
[public void testcomponents.Billingpage.readjsonfile(java.util.List)] has no parameters defined but was found to be using a data provider (either explicitly specified or inherited from class level annotation).
Data provider mismatch
Method: readjsonfile([Parameter{index=0, type=java.util.List, declaredAnnotations=[]}])
Arguments: [(java.util.HashMap) {Credit Card=4111111111111111, Cvv=111, Email=someone@whocares.com, Address=Comandante Izarduy 67, Barcelona  08940, Phone=5555555555, Exp=08/24, Name=Test Tester}]" type="org.testng.internal.reflect.MethodMatcherException">
      <![CDATA[org.testng.internal.reflect.MethodMatcherException: 
[public void testcomponents.Billingpage.readjsonfile(java.util.List)] has no parameters defined but was found to be using a data provider (either explicitly specified or inherited from class level annotation).
Data provider mismatch
Method: readjsonfile([Parameter{index=0, type=java.util.List, declaredAnnotations=[]}])
Arguments: [(java.util.HashMap) {Credit Card=4111111111111111, Cvv=111, Email=someone@whocares.com, Address=Comandante Izarduy 67, Barcelona  08940, Phone=5555555555, Exp=08/24, Name=Test Tester}]
at org.testng.internal.reflect.DataProviderMethodMatcher.getConformingArguments(DataProviderMethodMatcher.java:43)
at org.testng.internal.Parameters.injectParameters(Parameters.java:914)
at org.testng.internal.MethodRunner.runInSequence(MethodRunner.java:34)
at org.testng.internal.TestInvoker$MethodInvocationAgent.invoke(TestInvoker.java:824)
at org.testng.internal.TestInvoker.invokeTestMethods(TestInvoker.java:146)
at org.testng.internal.TestMethodWorker.invokeTestMethods(TestMethodWorker.java:146)
at org.testng.internal.TestMethodWorker.run(TestMethodWorker.java:128)
at java.base/java.util.ArrayList.forEach(ArrayList.java:1540)
at org.testng.TestRunner.privateRun(TestRunner.java:794)
at org.testng.TestRunner.run(TestRunner.java:596)
at org.testng.SuiteRunner.runTest(SuiteRunner.java:377)
at org.testng.SuiteRunner.runSequentially(SuiteRunner.java:371)
at org.testng.SuiteRunner.privateRun(SuiteRunner.java:332)
at org.testng.SuiteRunner.run(SuiteRunner.java:276)
at org.testng.SuiteRunnerWorker.runSuite(SuiteRunnerWorker.java:53)
at org.testng.SuiteRunnerWorker.run(SuiteRunnerWorker.java:96)
at org.testng.TestNG.runSuitesSequentially(TestNG.java:1212)
at org.testng.TestNG.runSuitesLocally(TestNG.java:1134)
at org.testng.TestNG.runSuites(TestNG.java:1063)
at org.testng.TestNG.run(TestNG.java:1031)
at org.testng.remote.AbstractRemoteTestNG.run(AbstractRemoteTestNG.java:115)
at org.testng.remote.RemoteTestNG.initAndRun(RemoteTestNG.java:251)
at org.testng.remote.RemoteTestNG.main(RemoteTestNG.java:77)
]]>
    </error>
  </testcase> <!-- readjsonfile -->
  <system-out/>
</testsuite> <!-- testcomponents.Billingpage -->
